Arguments: 
  /usr/local/bin/node /usr/local/Cellar/yarn/1.22.19/libexec/bin/yarn.js

PATH: 
  /usr/local/bin:/usr/bin:/bin:/usr/sbin:/sbin

Yarn version: 
  1.22.19

Node version: 
  14.17.6

Platform: 
  darwin x64

Trace: 
  Error: getaddrinfo ENOTFOUND registry.npmjs.org
      at GetAddrInfoReqWrap.onlookup [as oncomplete] (dns.js:69:26)

npm manifest: 
  {
    "name": "kz-latex-editor",
    "version": "0.0.1",
    "description": "",
    "main": "./dist/index.umd.js",
    "module": "./dist/index.es.js",
    "scripts": {
      "husky": "husky install",
      "build": "vite build -c viteconfig.lib.build.ts",
      "dev": "vite --mode development"
    },
    "repository": "",
    "author": "xhy",
    "license": "MIT",
    "dependencies": {
      "lodash": "^4.17.21",
      "uid": "^2.0.0",
      "xregexp": "^5.1.1",
      "element-plus": "^1.3.0-beta.5",
      "rollup-plugin-uglify": "^6.0.4",
      "sass": "^1.46.0",
      "typescript": "^4.7.2",
      "vite": "^2.9.9",
      "vite-plugin-dts": "^1.2.0",
      "vue": "^3.2.26",
      "vue-router": "^4.0.12",
      "chalk": "^5.0.0",
      "learnable-lib": "git+ssh://git@39.106.137.222:songle/learnable-lib.git#v0.0.168"
    },
    "devDependencies": {
      "@rollup/plugin-strip": "^2.1.0",
      "@types/node": "^17.0.8",
      "@vitejs/plugin-vue": "^2.0.1"
    },
    "types": "types/package/index.d.ts",
    "style": "./dist/style.css",
    "files": [
      "dist",
      "types",
      "README.md"
    ]
  }

yarn manifest: 
  No manifest

Lockfile: 
  No lockfile
